<?xml version="1.0" encoding="UTF-8"?>
<!-- Generated by org.testng.reporters.JUnitXMLReporter -->
<testsuite hostname="EPINPUNW011C" ignored="0" name="Test" tests="3" failures="0" timestamp="2023-05-16T13:27:06 IST" time="9.292" errors="0">
  <testcase name="methodTwo" time="5.204" classname="DesignPatterns.ParallelTesting"/>
  <testcase name="methodThree" time="5.407" classname="DesignPatterns.ParallelTesting"/>
  <testcase name="methodOne" time="9.264" classname="DesignPatterns.ParallelTesting"/>
</testsuite> <!-- Test -->
